<?xml version="1.0" encoding="UTF-8"?>
<!-- Generated by org.testng.reporters.JUnitReportReporter -->
<testsuite hostname="DESKTOP-CSD2510" failures="0" tests="32" name="Testscenarios.TestMethods" time="70.826" errors="0" timestamp="2024-06-20T19:35:56 IST" skipped="0">
  <testcase classname="Testscenarios.TestMethods" name="login1" time="0.284"/>
  <testcase classname="Testscenarios.TestMethods" name="Clicklogin" time="0.156"/>
  <testcase classname="Testscenarios.TestMethods" name="Clickopenmenu" time="0.110"/>
  <testcase classname="Testscenarios.TestMethods" name="ClickAllItems" time="5.148"/>
  <testcase classname="Testscenarios.TestMethods" name="ClickClose" time="0.063"/>
  <testcase classname="Testscenarios.TestMethods" name="Clicktshirt" time="0.142"/>
  <testcase classname="Testscenarios.TestMethods" name="Addtshirt" time="0.104"/>
  <testcase classname="Testscenarios.TestMethods" name="Clickbackproducts" time="3.106"/>
  <testcase classname="Testscenarios.TestMethods" name="openmenu" time="0.138"/>
  <testcase classname="Testscenarios.TestMethods" name="Reset" time="0.217"/>
  <testcase classname="Testscenarios.TestMethods" name="twitter" time="6.127"/>
  <testcase classname="Testscenarios.TestMethods" name="facebook" time="6.054"/>
  <testcase classname="Testscenarios.TestMethods" name="linkedin" time="6.059"/>
  <testcase classname="Testscenarios.TestMethods" name="About" time="2.658"/>
  <testcase classname="Testscenarios.TestMethods" name="Dropdown" time="3.186"/>
  <testcase classname="Testscenarios.TestMethods" name="Selectbackpack" time="5.076"/>
  <testcase classname="Testscenarios.TestMethods" name="Cartbackpack" time="4.076"/>
  <testcase classname="Testscenarios.TestMethods" name="Selectbikelight" time="4.086"/>
  <testcase classname="Testscenarios.TestMethods" name="Cartbikelight" time="4.085"/>
  <testcase classname="Testscenarios.TestMethods" name="SelectRedTshirt" time="4.066"/>
  <testcase classname="Testscenarios.TestMethods" name="CartRedTshirt" time="0.047"/>
  <testcase classname="Testscenarios.TestMethods" name="Shopping" time="4.077"/>
  <testcase classname="Testscenarios.TestMethods" name="removeRedTshirt" time="0.076"/>
  <testcase classname="Testscenarios.TestMethods" name="back" time="5.043"/>
  <testcase classname="Testscenarios.TestMethods" name="cart" time="4.058"/>
  <testcase classname="Testscenarios.TestMethods" name="payment" time="0.074"/>
  <testcase classname="Testscenarios.TestMethods" name="PCode" time="0.083"/>
  <testcase classname="Testscenarios.TestMethods" name="checkButton" time="2.023"/>
  <testcase classname="Testscenarios.TestMethods" name="FName" time="0.135"/>
  <testcase classname="Testscenarios.TestMethods" name="LaName" time="0.079"/>
  <testcase classname="Testscenarios.TestMethods" name="open" time="0.046"/>
  <testcase classname="Testscenarios.TestMethods" name="Logout" time="0.144"/>
</testsuite> <!-- Testscenarios.TestMethods -->
